<?xml version="1.0" encoding="UTF-8"?>
<testsuite name="hello.HelloWorldTests" tests="1" skipped="0" failures="0" errors="0" timestamp="2017-07-30T12:28:02" hostname="BILLA" time="0.031">
  <properties/>
  <testcase name="shouldPrintHelloWorldToConsole" classname="hello.HelloWorldTests" time="0.031"/>
  <system-out><![CDATA[]]></system-out>
  <system-err><![CDATA[]]></system-err>
</testsuite>
